c:\users\christopher chen\documents\programming\game arch\hw6\build\ga6-win64\ga.dir\debug\vc141.pdb
c:\users\christopher chen\documents\programming\game arch\hw6\build\ga6-win64\ga.dir\debug\ga_vec2f.obj
c:\users\christopher chen\documents\programming\game arch\hw6\build\ga6-win64\ga.dir\debug\ga_quatf.obj
c:\users\christopher chen\documents\programming\game arch\hw6\build\ga6-win64\ga.dir\debug\ga_mat4f.obj
c:\users\christopher chen\documents\programming\game arch\hw6\build\ga6-win64\ga.dir\debug\ga_mat3f.obj
c:\users\christopher chen\documents\programming\game arch\hw6\build\ga6-win64\ga.dir\debug\main.obj
c:\users\christopher chen\documents\programming\game arch\hw6\build\ga6-win64\ga.dir\debug\ga_queue.obj
c:\users\christopher chen\documents\programming\game arch\hw6\build\ga6-win64\ga.dir\debug\ga_job.obj
c:\users\christopher chen\documents\programming\game arch\hw6\build\ga6-win64\ga.dir\debug\ga_intpool.obj
c:\users\christopher chen\documents\programming\game arch\hw6\build\ga6-win64\ga.dir\debug\ga_fiber.obj
c:\users\christopher chen\documents\programming\game arch\hw6\build\ga6-win64\ga.dir\debug\ga_condvar.obj
c:\users\christopher chen\documents\programming\game arch\hw6\build\ga6-win64\ga.dir\debug\ga_texture.obj
c:\users\christopher chen\documents\programming\game arch\hw6\build\ga6-win64\ga.dir\debug\ga_program.obj
c:\users\christopher chen\documents\programming\game arch\hw6\build\ga6-win64\ga.dir\debug\ga_material.obj
c:\users\christopher chen\documents\programming\game arch\hw6\build\ga6-win64\ga.dir\debug\ga_cube_component.obj
c:\users\christopher chen\documents\programming\game arch\hw6\build\ga6-win64\ga.dir\debug\ga_sim.obj
c:\users\christopher chen\documents\programming\game arch\hw6\build\ga6-win64\ga.dir\debug\ga_output.obj
c:\users\christopher chen\documents\programming\game arch\hw6\build\ga6-win64\ga.dir\debug\ga_input.obj
c:\users\christopher chen\documents\programming\game arch\hw6\build\ga6-win64\ga.dir\debug\ga_camera.obj
c:\users\christopher chen\documents\programming\game arch\hw6\build\ga6-win64\ga.dir\debug\ga_entity.obj
c:\users\christopher chen\documents\programming\game arch\hw6\build\ga6-win64\ga.dir\debug\ga_component.obj
c:\users\christopher chen\documents\programming\game arch\hw6\build\ga6-win64\ga.dir\debug\ga_shape.obj
c:\users\christopher chen\documents\programming\game arch\hw6\build\ga6-win64\ga.dir\debug\ga_rigid_body.obj
c:\users\christopher chen\documents\programming\game arch\hw6\build\ga6-win64\ga.dir\debug\ga_physics_world.obj
c:\users\christopher chen\documents\programming\game arch\hw6\build\ga6-win64\ga.dir\debug\ga_physics_component.obj
c:\users\christopher chen\documents\programming\game arch\hw6\build\ga6-win64\ga.dir\debug\ga_intersection.tests.obj
c:\users\christopher chen\documents\programming\game arch\hw6\build\ga6-win64\ga.dir\debug\ga_intersection.obj
c:\users\christopher chen\documents\programming\game arch\hw6\build\ga6-win64\ga.dir\debug\ga_vec4f.obj
c:\users\christopher chen\documents\programming\game arch\hw6\build\ga6-win64\ga.dir\debug\ga_vec3f.obj
c:\users\christopher chen\documents\programming\game arch\hw6\build\ga6-win64\cmakefiles\generate.stamp
c:\users\christopher chen\documents\programming\game arch\hw6\build\ga6-win64\debug\ga.lib
c:\users\christopher chen\documents\programming\game arch\hw6\build\ga6-win64\debug\ga.exp
c:\users\christopher chen\documents\programming\game arch\hw6\build\ga6-win64\debug\ga.ilk
c:\users\christopher chen\documents\programming\game arch\hw6\build\ga6-win64\debug\ga.exe
c:\users\christopher chen\documents\programming\game arch\hw6\build\ga6-win64\debug\ga.pdb
c:\users\christopher chen\documents\programming\game arch\hw6\build\ga6-win64\ga.dir\debug\ga.tlog\cl.command.1.tlog
c:\users\christopher chen\documents\programming\game arch\hw6\build\ga6-win64\ga.dir\debug\ga.tlog\cl.read.1.tlog
c:\users\christopher chen\documents\programming\game arch\hw6\build\ga6-win64\ga.dir\debug\ga.tlog\cl.write.1.tlog
c:\users\christopher chen\documents\programming\game arch\hw6\build\ga6-win64\ga.dir\debug\ga.tlog\custombuild.command.1.tlog
c:\users\christopher chen\documents\programming\game arch\hw6\build\ga6-win64\ga.dir\debug\ga.tlog\custombuild.read.1.tlog
c:\users\christopher chen\documents\programming\game arch\hw6\build\ga6-win64\ga.dir\debug\ga.tlog\custombuild.write.1.tlog
c:\users\christopher chen\documents\programming\game arch\hw6\build\ga6-win64\ga.dir\debug\ga.tlog\ga.write.1u.tlog
c:\users\christopher chen\documents\programming\game arch\hw6\build\ga6-win64\ga.dir\debug\ga.tlog\link.command.1.tlog
c:\users\christopher chen\documents\programming\game arch\hw6\build\ga6-win64\ga.dir\debug\ga.tlog\link.read.1.tlog
c:\users\christopher chen\documents\programming\game arch\hw6\build\ga6-win64\ga.dir\debug\ga.tlog\link.write.1.tlog
