c:\users\christopher chen\documents\programming\game arch\hw6\build\ga6-win64\sdl2-2.0.7\sdl2-static.dir\debug\sdl2-static.pdb
c:\users\christopher chen\documents\programming\game arch\hw6\build\ga6-win64\sdl2-2.0.7\sdl2-static.dir\debug\sdl_gesture.obj
c:\users\christopher chen\documents\programming\game arch\hw6\build\ga6-win64\sdl2-2.0.7\sdl2-static.dir\debug\sdl_events.obj
c:\users\christopher chen\documents\programming\game arch\hw6\build\ga6-win64\sdl2-2.0.7\sdl2-static.dir\debug\sdl_dropevents.obj
c:\users\christopher chen\documents\programming\game arch\hw6\build\ga6-win64\sdl2-2.0.7\sdl2-static.dir\debug\sdl_clipboardevents.obj
c:\users\christopher chen\documents\programming\game arch\hw6\build\ga6-win64\sdl2-2.0.7\sdl2-static.dir\debug\sdl_dynapi.obj
c:\users\christopher chen\documents\programming\game arch\hw6\build\ga6-win64\sdl2-2.0.7\sdl2-static.dir\debug\sdl_cpuinfo.obj
c:\users\christopher chen\documents\programming\game arch\hw6\build\ga6-win64\sdl2-2.0.7\sdl2-static.dir\debug\sdl_wave.obj
c:\users\christopher chen\documents\programming\game arch\hw6\build\ga6-win64\sdl2-2.0.7\sdl2-static.dir\debug\sdl_mixer.obj
c:\users\christopher chen\documents\programming\game arch\hw6\build\ga6-win64\sdl2-2.0.7\sdl2-static.dir\debug\sdl_audiotypecvt.obj
c:\users\christopher chen\documents\programming\game arch\hw6\build\ga6-win64\sdl2-2.0.7\sdl2-static.dir\debug\sdl_audiodev.obj
c:\users\christopher chen\documents\programming\game arch\hw6\build\ga6-win64\sdl2-2.0.7\sdl2-static.dir\debug\sdl_audiocvt.obj
c:\users\christopher chen\documents\programming\game arch\hw6\build\ga6-win64\sdl2-2.0.7\sdl2-static.dir\debug\sdl_audio.obj
c:\users\christopher chen\documents\programming\game arch\hw6\build\ga6-win64\sdl2-2.0.7\sdl2-static.dir\debug\sdl_spinlock.obj
c:\users\christopher chen\documents\programming\game arch\hw6\build\ga6-win64\sdl2-2.0.7\sdl2-static.dir\debug\sdl_atomic.obj
c:\users\christopher chen\documents\programming\game arch\hw6\build\ga6-win64\sdl2-2.0.7\sdl2-static.dir\debug\sdl_log.obj
c:\users\christopher chen\documents\programming\game arch\hw6\build\ga6-win64\sdl2-2.0.7\sdl2-static.dir\debug\sdl_hints.obj
c:\users\christopher chen\documents\programming\game arch\hw6\build\ga6-win64\sdl2-2.0.7\sdl2-static.dir\debug\sdl_error.obj
c:\users\christopher chen\documents\programming\game arch\hw6\build\ga6-win64\sdl2-2.0.7\sdl2-static.dir\debug\sdl_dataqueue.obj
c:\users\christopher chen\documents\programming\game arch\hw6\build\ga6-win64\sdl2-2.0.7\sdl2-static.dir\debug\sdl_assert.obj
c:\users\christopher chen\documents\programming\game arch\hw6\build\ga6-win64\sdl2-2.0.7\sdl2-static.dir\debug\sdl.obj
c:\users\christopher chen\documents\programming\game arch\hw6\build\ga6-win64\sdl2-2.0.7\sdl2-static.dir\debug\s_floor.obj
c:\users\christopher chen\documents\programming\game arch\hw6\build\ga6-win64\sdl2-2.0.7\sdl2-static.dir\debug\s_fabs.obj
c:\users\christopher chen\documents\programming\game arch\hw6\build\ga6-win64\sdl2-2.0.7\sdl2-static.dir\debug\s_cos.obj
c:\users\christopher chen\documents\programming\game arch\hw6\build\ga6-win64\sdl2-2.0.7\sdl2-static.dir\debug\s_copysign.obj
c:\users\christopher chen\documents\programming\game arch\hw6\build\ga6-win64\sdl2-2.0.7\sdl2-static.dir\debug\s_atan.obj
c:\users\christopher chen\documents\programming\game arch\hw6\build\ga6-win64\sdl2-2.0.7\sdl2-static.dir\debug\k_tan.obj
c:\users\christopher chen\documents\programming\game arch\hw6\build\ga6-win64\sdl2-2.0.7\sdl2-static.dir\debug\k_sin.obj
c:\users\christopher chen\documents\programming\game arch\hw6\build\ga6-win64\sdl2-2.0.7\sdl2-static.dir\debug\k_rem_pio2.obj
c:\users\christopher chen\documents\programming\game arch\hw6\build\ga6-win64\sdl2-2.0.7\sdl2-static.dir\debug\k_cos.obj
c:\users\christopher chen\documents\programming\game arch\hw6\build\ga6-win64\sdl2-2.0.7\sdl2-static.dir\debug\e_sqrt.obj
c:\users\christopher chen\documents\programming\game arch\hw6\build\ga6-win64\sdl2-2.0.7\sdl2-static.dir\debug\e_rem_pio2.obj
c:\users\christopher chen\documents\programming\game arch\hw6\build\ga6-win64\sdl2-2.0.7\sdl2-static.dir\debug\e_pow.obj
c:\users\christopher chen\documents\programming\game arch\hw6\build\ga6-win64\sdl2-2.0.7\sdl2-static.dir\debug\e_log.obj
c:\users\christopher chen\documents\programming\game arch\hw6\build\ga6-win64\sdl2-2.0.7\sdl2-static.dir\debug\e_atan2.obj
c:\users\christopher chen\documents\programming\game arch\hw6\build\ga6-win64\sdl2-2.0.7\sdl2-static.dir\debug\sdl_rwops.obj
c:\users\christopher chen\documents\programming\game arch\hw6\build\ga6-win64\sdl2-2.0.7\sdl2-static.dir\debug\sdl_windowevents.obj
c:\users\christopher chen\documents\programming\game arch\hw6\build\ga6-win64\sdl2-2.0.7\sdl2-static.dir\debug\sdl_touch.obj
c:\users\christopher chen\documents\programming\game arch\hw6\build\ga6-win64\sdl2-2.0.7\sdl2-static.dir\debug\sdl_quit.obj
c:\users\christopher chen\documents\programming\game arch\hw6\build\ga6-win64\sdl2-2.0.7\sdl2-static.dir\debug\sdl_mouse.obj
c:\users\christopher chen\documents\programming\game arch\hw6\build\ga6-win64\sdl2-2.0.7\sdl2-static.dir\debug\sdl_keyboard.obj
c:\users\christopher chen\documents\programming\game arch\hw6\build\ga6-win64\sdl2-2.0.7\sdl2-static.dir\debug\sdl_drawpoint.obj
c:\users\christopher chen\documents\programming\game arch\hw6\build\ga6-win64\sdl2-2.0.7\sdl2-static.dir\debug\sdl_drawline.obj
c:\users\christopher chen\documents\programming\game arch\hw6\build\ga6-win64\sdl2-2.0.7\sdl2-static.dir\debug\sdl_blendpoint.obj
c:\users\christopher chen\documents\programming\game arch\hw6\build\ga6-win64\sdl2-2.0.7\sdl2-static.dir\debug\sdl_blendline.obj
c:\users\christopher chen\documents\programming\game arch\hw6\build\ga6-win64\sdl2-2.0.7\sdl2-static.dir\debug\sdl_blendfillrect.obj
c:\users\christopher chen\documents\programming\game arch\hw6\build\ga6-win64\sdl2-2.0.7\sdl2-static.dir\debug\sdl_render_psp.obj
c:\users\christopher chen\documents\programming\game arch\hw6\build\ga6-win64\sdl2-2.0.7\sdl2-static.dir\debug\sdl_shaders_gles2.obj
c:\users\christopher chen\documents\programming\game arch\hw6\build\ga6-win64\sdl2-2.0.7\sdl2-static.dir\debug\sdl_render_gles2.obj
c:\users\christopher chen\documents\programming\game arch\hw6\build\ga6-win64\sdl2-2.0.7\sdl2-static.dir\debug\sdl_render_gles.obj
c:\users\christopher chen\documents\programming\game arch\hw6\build\ga6-win64\sdl2-2.0.7\sdl2-static.dir\debug\sdl_shaders_gl.obj
c:\users\christopher chen\documents\programming\game arch\hw6\build\ga6-win64\sdl2-2.0.7\sdl2-static.dir\debug\sdl_render_gl.obj
c:\users\christopher chen\documents\programming\game arch\hw6\build\ga6-win64\sdl2-2.0.7\sdl2-static.dir\debug\sdl_render_d3d11.obj
c:\users\christopher chen\documents\programming\game arch\hw6\build\ga6-win64\sdl2-2.0.7\sdl2-static.dir\debug\sdl_render_d3d.obj
c:\users\christopher chen\documents\programming\game arch\hw6\build\ga6-win64\sdl2-2.0.7\sdl2-static.dir\debug\sdl_yuv_sw.obj
c:\users\christopher chen\documents\programming\game arch\hw6\build\ga6-win64\sdl2-2.0.7\sdl2-static.dir\debug\sdl_yuv_mmx.obj
c:\users\christopher chen\documents\programming\game arch\hw6\build\ga6-win64\sdl2-2.0.7\sdl2-static.dir\debug\sdl_render.obj
c:\users\christopher chen\documents\programming\game arch\hw6\build\ga6-win64\sdl2-2.0.7\sdl2-static.dir\debug\sdl_d3dmath.obj
c:\users\christopher chen\documents\programming\game arch\hw6\build\ga6-win64\sdl2-2.0.7\sdl2-static.dir\debug\s_tan.obj
c:\users\christopher chen\documents\programming\game arch\hw6\build\ga6-win64\sdl2-2.0.7\sdl2-static.dir\debug\s_sin.obj
c:\users\christopher chen\documents\programming\game arch\hw6\build\ga6-win64\sdl2-2.0.7\sdl2-static.dir\debug\s_scalbn.obj
c:\users\christopher chen\documents\programming\game arch\hw6\build\ga6-win64\sdl2-2.0.7\sdl2-static.dir\debug\sdl_bmp.obj
c:\users\christopher chen\documents\programming\game arch\hw6\build\ga6-win64\sdl2-2.0.7\sdl2-static.dir\debug\sdl_blit_slow.obj
c:\users\christopher chen\documents\programming\game arch\hw6\build\ga6-win64\sdl2-2.0.7\sdl2-static.dir\debug\sdl_blit_copy.obj
c:\users\christopher chen\documents\programming\game arch\hw6\build\ga6-win64\sdl2-2.0.7\sdl2-static.dir\debug\sdl_blit_auto.obj
c:\users\christopher chen\documents\programming\game arch\hw6\build\ga6-win64\sdl2-2.0.7\sdl2-static.dir\debug\sdl_blit_n.obj
c:\users\christopher chen\documents\programming\game arch\hw6\build\ga6-win64\sdl2-2.0.7\sdl2-static.dir\debug\sdl_blit_a.obj
c:\users\christopher chen\documents\programming\game arch\hw6\build\ga6-win64\sdl2-2.0.7\sdl2-static.dir\debug\sdl_blit_1.obj
c:\users\christopher chen\documents\programming\game arch\hw6\build\ga6-win64\sdl2-2.0.7\sdl2-static.dir\debug\sdl_blit_0.obj
c:\users\christopher chen\documents\programming\game arch\hw6\build\ga6-win64\sdl2-2.0.7\sdl2-static.dir\debug\sdl_blit.obj
c:\users\christopher chen\documents\programming\game arch\hw6\build\ga6-win64\sdl2-2.0.7\sdl2-static.dir\debug\sdl_rleaccel.obj
c:\users\christopher chen\documents\programming\game arch\hw6\build\ga6-win64\sdl2-2.0.7\sdl2-static.dir\debug\sdl_timer.obj
c:\users\christopher chen\documents\programming\game arch\hw6\build\ga6-win64\sdl2-2.0.7\sdl2-static.dir\debug\sdl_thread.obj
c:\users\christopher chen\documents\programming\game arch\hw6\build\ga6-win64\sdl2-2.0.7\sdl2-static.dir\debug\sdl_string.obj
c:\users\christopher chen\documents\programming\game arch\hw6\build\ga6-win64\sdl2-2.0.7\sdl2-static.dir\debug\sdl_stdlib.obj
c:\users\christopher chen\documents\programming\game arch\hw6\build\ga6-win64\sdl2-2.0.7\sdl2-static.dir\debug\sdl_qsort.obj
c:\users\christopher chen\documents\programming\game arch\hw6\build\ga6-win64\sdl2-2.0.7\sdl2-static.dir\debug\sdl_malloc.obj
c:\users\christopher chen\documents\programming\game arch\hw6\build\ga6-win64\sdl2-2.0.7\sdl2-static.dir\debug\sdl_iconv.obj
c:\users\christopher chen\documents\programming\game arch\hw6\build\ga6-win64\sdl2-2.0.7\sdl2-static.dir\debug\sdl_getenv.obj
c:\users\christopher chen\documents\programming\game arch\hw6\build\ga6-win64\sdl2-2.0.7\sdl2-static.dir\debug\sdl_rotate.obj
c:\users\christopher chen\documents\programming\game arch\hw6\build\ga6-win64\sdl2-2.0.7\sdl2-static.dir\debug\sdl_render_sw.obj
c:\users\christopher chen\documents\programming\game arch\hw6\build\ga6-win64\sdl2-2.0.7\sdl2-static.dir\debug\sdl_windowsclipboard.obj
c:\users\christopher chen\documents\programming\game arch\hw6\build\ga6-win64\sdl2-2.0.7\sdl2-static.dir\debug\sdl_xinput.obj
c:\users\christopher chen\documents\programming\game arch\hw6\build\ga6-win64\sdl2-2.0.7\sdl2-static.dir\debug\sdl_windows.obj
c:\users\christopher chen\documents\programming\game arch\hw6\build\ga6-win64\sdl2-2.0.7\sdl2-static.dir\debug\sdl_nullvideo.obj
c:\users\christopher chen\documents\programming\game arch\hw6\build\ga6-win64\sdl2-2.0.7\sdl2-static.dir\debug\sdl_nullframebuffer.obj
c:\users\christopher chen\documents\programming\game arch\hw6\build\ga6-win64\sdl2-2.0.7\sdl2-static.dir\debug\sdl_nullevents.obj
c:\users\christopher chen\documents\programming\game arch\hw6\build\ga6-win64\sdl2-2.0.7\sdl2-static.dir\debug\sdl_power.obj
c:\users\christopher chen\documents\programming\game arch\hw6\build\ga6-win64\sdl2-2.0.7\sdl2-static.dir\debug\sdl_haptic.obj
c:\users\christopher chen\documents\programming\game arch\hw6\build\ga6-win64\sdl2-2.0.7\sdl2-static.dir\debug\sdl_joystick.obj
c:\users\christopher chen\documents\programming\game arch\hw6\build\ga6-win64\sdl2-2.0.7\sdl2-static.dir\debug\sdl_gamecontroller.obj
c:\users\christopher chen\documents\programming\game arch\hw6\build\ga6-win64\sdl2-2.0.7\sdl2-static.dir\debug\sdl_vulkan_utils.obj
c:\users\christopher chen\documents\programming\game arch\hw6\build\ga6-win64\sdl2-2.0.7\sdl2-static.dir\debug\sdl_video.obj
c:\users\christopher chen\documents\programming\game arch\hw6\build\ga6-win64\sdl2-2.0.7\sdl2-static.dir\debug\sdl_surface.obj
c:\users\christopher chen\documents\programming\game arch\hw6\build\ga6-win64\sdl2-2.0.7\sdl2-static.dir\debug\sdl_stretch.obj
c:\users\christopher chen\documents\programming\game arch\hw6\build\ga6-win64\sdl2-2.0.7\sdl2-static.dir\debug\sdl_shape.obj
c:\users\christopher chen\documents\programming\game arch\hw6\build\ga6-win64\sdl2-2.0.7\sdl2-static.dir\debug\sdl_rect.obj
c:\users\christopher chen\documents\programming\game arch\hw6\build\ga6-win64\sdl2-2.0.7\sdl2-static.dir\debug\sdl_pixels.obj
c:\users\christopher chen\documents\programming\game arch\hw6\build\ga6-win64\sdl2-2.0.7\sdl2-static.dir\debug\sdl_fillrect.obj
c:\users\christopher chen\documents\programming\game arch\hw6\build\ga6-win64\sdl2-2.0.7\sdl2-static.dir\debug\sdl_egl.obj
c:\users\christopher chen\documents\programming\game arch\hw6\build\ga6-win64\sdl2-2.0.7\sdl2-static.dir\debug\sdl_clipboard.obj
c:\users\christopher chen\documents\programming\game arch\hw6\build\ga6-win64\sdl2-2.0.7\sdl2-static.dir\debug\sdl_dinputhaptic.obj
c:\users\christopher chen\documents\programming\game arch\hw6\build\ga6-win64\sdl2-2.0.7\sdl2-static.dir\debug\sdl_xinputjoystick.obj
c:\users\christopher chen\documents\programming\game arch\hw6\build\ga6-win64\sdl2-2.0.7\sdl2-static.dir\debug\sdl_windowsjoystick.obj
c:\users\christopher chen\documents\programming\game arch\hw6\build\ga6-win64\sdl2-2.0.7\sdl2-static.dir\debug\sdl_mmjoystick.obj
c:\users\christopher chen\documents\programming\game arch\hw6\build\ga6-win64\sdl2-2.0.7\sdl2-static.dir\debug\sdl_dinputjoystick.obj
c:\users\christopher chen\documents\programming\game arch\hw6\build\ga6-win64\sdl2-2.0.7\sdl2-static.dir\debug\sdl_sysloadso.obj
c:\users\christopher chen\documents\programming\game arch\hw6\build\ga6-win64\sdl2-2.0.7\sdl2-static.dir\debug\sdl_systimer.obj
c:\users\christopher chen\documents\programming\game arch\hw6\build\ga6-win64\sdl2-2.0.7\sdl2-static.dir\debug\sdl_syspower.obj
c:\users\christopher chen\documents\programming\game arch\hw6\build\ga6-win64\sdl2-2.0.7\sdl2-static.dir\debug\sdl_windowswindow.obj
c:\users\christopher chen\documents\programming\game arch\hw6\build\ga6-win64\sdl2-2.0.7\sdl2-static.dir\debug\sdl_windowsvulkan.obj
c:\users\christopher chen\documents\programming\game arch\hw6\build\ga6-win64\sdl2-2.0.7\sdl2-static.dir\debug\sdl_windowsvideo.obj
c:\users\christopher chen\documents\programming\game arch\hw6\build\ga6-win64\sdl2-2.0.7\sdl2-static.dir\debug\sdl_windowsshape.obj
c:\users\christopher chen\documents\programming\game arch\hw6\build\ga6-win64\sdl2-2.0.7\sdl2-static.dir\debug\sdl_windowsopengles.obj
c:\users\christopher chen\documents\programming\game arch\hw6\build\ga6-win64\sdl2-2.0.7\sdl2-static.dir\debug\sdl_windowsopengl.obj
c:\users\christopher chen\documents\programming\game arch\hw6\build\ga6-win64\sdl2-2.0.7\sdl2-static.dir\debug\sdl_windowsmouse.obj
c:\users\christopher chen\documents\programming\game arch\hw6\build\ga6-win64\sdl2-2.0.7\sdl2-static.dir\debug\sdl_windowsmodes.obj
c:\users\christopher chen\documents\programming\game arch\hw6\build\ga6-win64\sdl2-2.0.7\sdl2-static.dir\debug\sdl_windowsmessagebox.obj
c:\users\christopher chen\documents\programming\game arch\hw6\build\ga6-win64\sdl2-2.0.7\sdl2-static.dir\debug\sdl_windowskeyboard.obj
c:\users\christopher chen\documents\programming\game arch\hw6\build\ga6-win64\sdl2-2.0.7\sdl2-static.dir\debug\sdl_windowsframebuffer.obj
c:\users\christopher chen\documents\programming\game arch\hw6\build\ga6-win64\sdl2-2.0.7\sdl2-static.dir\debug\sdl_windowsevents.obj
c:\users\christopher chen\documents\programming\game arch\hw6\build\ga6-win64\sdl2-2.0.7\sdl2-static.dir\debug\sdl_systls.obj
c:\users\christopher chen\documents\programming\game arch\hw6\build\ga6-win64\sdl2-2.0.7\sdl2-static.dir\debug\sdl_systhread.obj
c:\users\christopher chen\documents\programming\game arch\hw6\build\ga6-win64\sdl2-2.0.7\sdl2-static.dir\debug\sdl_syssem.obj
c:\users\christopher chen\documents\programming\game arch\hw6\build\ga6-win64\sdl2-2.0.7\sdl2-static.dir\debug\sdl_sysmutex.obj
c:\users\christopher chen\documents\programming\game arch\hw6\build\ga6-win64\sdl2-2.0.7\sdl2-static.dir\debug\sdl_syscond.obj
c:\users\christopher chen\documents\programming\game arch\hw6\build\ga6-win64\sdl2-2.0.7\sdl2-static.dir\debug\sdl_sysfilesystem.obj
c:\users\christopher chen\documents\programming\game arch\hw6\build\ga6-win64\sdl2-2.0.7\sdl2-static.dir\debug\sdl_xinputhaptic.obj
c:\users\christopher chen\documents\programming\game arch\hw6\build\ga6-win64\sdl2-2.0.7\sdl2-static.dir\debug\sdl_windowshaptic.obj
c:\users\christopher chen\documents\programming\game arch\hw6\build\ga6-win64\sdl2-2.0.7\cmakefiles\generate.stamp
c:\users\christopher chen\documents\programming\game arch\hw6\build\ga6-win64\sdl2-2.0.7\debug\sdl2d.lib
c:\users\christopher chen\documents\programming\game arch\hw6\build\ga6-win64\sdl2-2.0.7\sdl2-static.dir\debug\sdl2-static.tlog\cl.command.1.tlog
c:\users\christopher chen\documents\programming\game arch\hw6\build\ga6-win64\sdl2-2.0.7\sdl2-static.dir\debug\sdl2-static.tlog\cl.read.1.tlog
c:\users\christopher chen\documents\programming\game arch\hw6\build\ga6-win64\sdl2-2.0.7\sdl2-static.dir\debug\sdl2-static.tlog\cl.write.1.tlog
c:\users\christopher chen\documents\programming\game arch\hw6\build\ga6-win64\sdl2-2.0.7\sdl2-static.dir\debug\sdl2-static.tlog\custombuild.command.1.tlog
c:\users\christopher chen\documents\programming\game arch\hw6\build\ga6-win64\sdl2-2.0.7\sdl2-static.dir\debug\sdl2-static.tlog\custombuild.read.1.tlog
c:\users\christopher chen\documents\programming\game arch\hw6\build\ga6-win64\sdl2-2.0.7\sdl2-static.dir\debug\sdl2-static.tlog\custombuild.write.1.tlog
c:\users\christopher chen\documents\programming\game arch\hw6\build\ga6-win64\sdl2-2.0.7\sdl2-static.dir\debug\sdl2-static.tlog\lib-link.read.1.tlog
c:\users\christopher chen\documents\programming\game arch\hw6\build\ga6-win64\sdl2-2.0.7\sdl2-static.dir\debug\sdl2-static.tlog\lib-link.write.1.tlog
c:\users\christopher chen\documents\programming\game arch\hw6\build\ga6-win64\sdl2-2.0.7\sdl2-static.dir\debug\sdl2-static.tlog\lib.command.1.tlog
